<?xml version="1.0" encoding="UTF-8"?>
<testsuite name="MusicAdvisorTest" tests="1" skipped="0" failures="0" errors="0" timestamp="2020-05-09T13:28:46" hostname="Brian.local" time="127.572">
  <properties/>
  <testcase name="start" classname="MusicAdvisorTest" time="127.572"/>
  <system-out><![CDATA[?[1;31m
Start test 1?[0m
> auth
use this link to request the access code:
http://127.0.0.1:45678/authorize?client_id=810044b048274bd898bcf60c6ad2ced3&redirect_uri=http://localhost:8080&response_type=code
waiting for code...
Tester: making requests to redirect uri: http://localhost:8080
Not found authorization code. Try again.
Tester: done request 1: Not found authorization code. Try again.
Not found authorization code. Try again.
Tester: done request 2: Not found authorization code. Try again.
Auth code: 123123
Got the code. Return back to your program.
Tester: done request 3: Got the code. Return back to your program.
making http request for access_token...

---SUCCESS---
?[1;31m
Start test 2?[0m
> auth
use this link to request the access code:
http://127.0.0.1:45678/authorize?client_id=810044b048274bd898bcf60c6ad2ced3&redirect_uri=http://localhost:8080&response_type=code
waiting for code...
Tester: making requests to redirect uri: http://localhost:8080
Not found authorization code. Try again.
Tester: done request 1: Not found authorization code. Try again.
Not found authorization code. Try again.
Tester: done request 2: Not found authorization code. Try again.
Auth code: 123123
Got the code. Return back to your program.
Tester: done request 3: Got the code. Return back to your program.
making http request for access_token...

---SUCCESS---
?[1;31m
Start test 3?[0m
> auth
use this link to request the access code:
http://127.0.0.1:45678/authorize?client_id=810044b048274bd898bcf60c6ad2ced3&redirect_uri=http://localhost:8080&response_type=code
waiting for code...
Tester: making requests to redirect uri: http://localhost:8080
Not found authorization code. Try again.
Tester: done request 1: Not found authorization code. Try again.
Not found authorization code. Try again.
Tester: done request 2: Not found authorization code. Try again.
Auth code: 123123
Got the code. Return back to your program.
Tester: done request 3: Got the code. Return back to your program.
making http request for access_token...

---SUCCESS---
?[1;31m
Start test 4?[0m
> auth
use this link to request the access code:
http://127.0.0.1:45678/authorize?client_id=810044b048274bd898bcf60c6ad2ced3&redirect_uri=http://localhost:8080&response_type=code
waiting for code...
Tester: making requests to redirect uri: http://localhost:8080
Not found authorization code. Try again.
Tester: done request 1: Not found authorization code. Try again.
Not found authorization code. Try again.
Tester: done request 2: Not found authorization code. Try again.
Auth code: 123123
Got the code. Return back to your program.
Tester: done request 3: Got the code. Return back to your program.
making http request for access_token...

---SUCCESS---
?[1;31m
Start test 5?[0m
> auth
use this link to request the access code:
http://127.0.0.1:45678/authorize?client_id=810044b048274bd898bcf60c6ad2ced3&redirect_uri=http://localhost:8080&response_type=code
waiting for code...
Tester: making requests to redirect uri: http://localhost:8080
Not found authorization code. Try again.
Tester: done request 1: Not found authorization code. Try again.
Not found authorization code. Try again.
Tester: done request 2: Not found authorization code. Try again.
Auth code: 123123
Got the code. Return back to your program.
Tester: done request 3: Got the code. Return back to your program.
making http request for access_token...

---SUCCESS---
?[1;31m
Start test 6?[0m
> auth
use this link to request the access code:
http://127.0.0.1:45678/authorize?client_id=810044b048274bd898bcf60c6ad2ced3&redirect_uri=http://localhost:8080&response_type=code
waiting for code...
Tester: making requests to redirect uri: http://localhost:8080
Not found authorization code. Try again.
Tester: done request 1: Not found authorization code. Try again.
Not found authorization code. Try again.
Tester: done request 2: Not found authorization code. Try again.
Auth code: 123123
Got the code. Return back to your program.
Tester: done request 3: Got the code. Return back to your program.
making http request for access_token...

---SUCCESS---
?[1;31m
Start test 7?[0m
> auth
use this link to request the access code:
http://127.0.0.1:45678/authorize?client_id=810044b048274bd898bcf60c6ad2ced3&redirect_uri=http://localhost:8080&response_type=code
waiting for code...
Tester: making requests to redirect uri: http://localhost:8080
Not found authorization code. Try again.
Tester: done request 1: Not found authorization code. Try again.
Not found authorization code. Try again.
Tester: done request 2: Not found authorization code. Try again.
Auth code: 123123
Got the code. Return back to your program.
Tester: done request 3: Got the code. Return back to your program.
making http request for access_token...

---SUCCESS---
?[1;31m
Start test 8?[0m
> auth
use this link to request the access code:
http://127.0.0.1:45678/authorize?client_id=810044b048274bd898bcf60c6ad2ced3&redirect_uri=http://localhost:8080&response_type=code
waiting for code...
Tester: making requests to redirect uri: http://localhost:8080
Not found authorization code. Try again.
Tester: done request 1: Not found authorization code. Try again.
Not found authorization code. Try again.
Tester: done request 2: Not found authorization code. Try again.
Auth code: 123123
Got the code. Return back to your program.
Tester: done request 3: Got the code. Return back to your program.
making http request for access_token...

---SUCCESS---
?[1;31m
Start test 9?[0m
> auth
use this link to request the access code:
http://127.0.0.1:45678/authorize?client_id=810044b048274bd898bcf60c6ad2ced3&redirect_uri=http://localhost:8080&response_type=code
waiting for code...
Tester: making requests to redirect uri: http://localhost:8080
Not found authorization code. Try again.
Tester: done request 1: Not found authorization code. Try again.
Not found authorization code. Try again.
Tester: done request 2: Not found authorization code. Try again.
Auth code: 123123
Got the code. Return back to your program.
Tester: done request 3: Got the code. Return back to your program.
making http request for access_token...

---SUCCESS---
?[1;31m
Start test 10?[0m
> auth
use this link to request the access code:
http://127.0.0.1:45678/authorize?client_id=810044b048274bd898bcf60c6ad2ced3&redirect_uri=http://localhost:8080&response_type=code
waiting for code...
Tester: making requests to redirect uri: http://localhost:8080
Not found authorization code. Try again.
Tester: done request 1: Not found authorization code. Try again.
Not found authorization code. Try again.
Tester: done request 2: Not found authorization code. Try again.
Auth code: 123123
Got the code. Return back to your program.
Tester: done request 3: Got the code. Return back to your program.
making http request for access_token...

---SUCCESS---
?[1;31m
Start test 11?[0m
> auth
use this link to request the access code:
http://127.0.0.1:45678/authorize?client_id=810044b048274bd898bcf60c6ad2ced3&redirect_uri=http://localhost:8080&response_type=code
waiting for code...
Tester: making requests to redirect uri: http://localhost:8080
Not found authorization code. Try again.
Tester: done request 1: Not found authorization code. Try again.
Not found authorization code. Try again.
Tester: done request 2: Not found authorization code. Try again.
Auth code: 123123
Got the code. Return back to your program.
Tester: done request 3: Got the code. Return back to your program.
making http request for access_token...

---SUCCESS---
?[1;31m
Start test 12?[0m
> auth
use this link to request the access code:
http://127.0.0.1:45678/authorize?client_id=810044b048274bd898bcf60c6ad2ced3&redirect_uri=http://localhost:8080&response_type=code
waiting for code...
Tester: making requests to redirect uri: http://localhost:8080
Not found authorization code. Try again.
Tester: done request 1: Not found authorization code. Try again.
Not found authorization code. Try again.
Tester: done request 2: Not found authorization code. Try again.
Auth code: 123123
Got the code. Return back to your program.
Tester: done request 3: Got the code. Return back to your program.
making http request for access_token...

---SUCCESS---
?[1;31m
Start test 13?[0m
> auth
use this link to request the access code:
http://127.0.0.1:45678/authorize?client_id=810044b048274bd898bcf60c6ad2ced3&redirect_uri=http://localhost:8080&response_type=code
waiting for code...
Tester: making requests to redirect uri: http://localhost:8080
Not found authorization code. Try again.
Tester: done request 1: Not found authorization code. Try again.
Not found authorization code. Try again.
Tester: done request 2: Not found authorization code. Try again.
Auth code: 123123
Got the code. Return back to your program.
Tester: done request 3: Got the code. Return back to your program.
making http request for access_token...

---SUCCESS---
]]></system-out>
  <system-err><![CDATA[]]></system-err>
</testsuite>
